<?xml version="1.0" encoding="UTF-8"?>
<coverage generated="1689794948675" clover="3.2.0">
  <project timestamp="1689794948675" name="All files">
    <metrics statements="94" coveredstatements="94" conditionals="38" coveredconditionals="37" methods="18" coveredmethods="18" elements="150" coveredelements="149" complexity="0" loc="94" ncloc="94" packages="1" files="1" classes="1"/>
    <file name="index.js" path="C:\Users\jerry\Desktop\Sebastian\NPM\verify-discord\index.js">
      <metrics statements="94" coveredstatements="94" conditionals="38" coveredconditionals="37" methods="18" coveredmethods="18"/>
      <line num="7" count="1" type="stmt"/>
      <line num="14" count="2" type="stmt"/>
      <line num="15" count="2" type="stmt"/>
      <line num="21" count="5" type="stmt"/>
      <line num="22" count="5" type="stmt"/>
      <line num="28" count="3" type="stmt"/>
      <line num="29" count="3" type="stmt"/>
      <line num="35" count="4" type="stmt"/>
      <line num="36" count="4" type="stmt"/>
      <line num="42" count="1" type="stmt"/>
      <line num="43" count="1" type="stmt"/>
      <line num="49" count="1" type="stmt"/>
      <line num="50" count="1" type="stmt"/>
      <line num="56" count="3" type="stmt"/>
      <line num="57" count="3" type="stmt"/>
      <line num="62" count="1" type="stmt"/>
      <line num="64" count="3" type="cond" truecount="2" falsecount="0"/>
      <line num="65" count="3" type="stmt"/>
      <line num="73" count="8" type="stmt"/>
      <line num="82" count="3" type="stmt"/>
      <line num="83" count="3" type="stmt"/>
      <line num="84" count="6" type="stmt"/>
      <line num="85" count="6" type="stmt"/>
      <line num="86" count="30" type="stmt"/>
      <line num="90" count="30" type="stmt"/>
      <line num="92" count="6" type="stmt"/>
      <line num="95" count="3" type="stmt"/>
      <line num="100" count="3" type="stmt"/>
      <line num="105" count="3" type="stmt"/>
      <line num="107" count="3" type="stmt"/>
      <line num="109" count="3" type="stmt"/>
      <line num="120" count="3" type="stmt"/>
      <line num="136" count="13" type="stmt"/>
      <line num="137" count="13" type="stmt"/>
      <line num="139" count="13" type="cond" truecount="2" falsecount="0"/>
      <line num="142" count="13" type="stmt"/>
      <line num="143" count="13" type="cond" truecount="2" falsecount="0"/>
      <line num="144" count="2" type="stmt"/>
      <line num="147" count="11" type="stmt"/>
      <line num="148" count="11" type="cond" truecount="2" falsecount="0"/>
      <line num="149" count="1" type="stmt"/>
      <line num="153" count="10" type="stmt"/>
      <line num="155" count="3" type="stmt"/>
      <line num="157" count="3" type="stmt"/>
      <line num="159" count="3" type="stmt"/>
      <line num="170" count="3" type="stmt"/>
      <line num="179" count="2" type="stmt"/>
      <line num="181" count="2" type="stmt"/>
      <line num="192" count="2" type="stmt"/>
      <line num="203" count="4" type="cond" truecount="2" falsecount="0"/>
      <line num="204" count="4" type="stmt"/>
      <line num="205" count="4" type="stmt"/>
      <line num="206" count="4" type="stmt"/>
      <line num="208" count="3" type="stmt"/>
      <line num="209" count="3" type="stmt"/>
      <line num="210" count="3" type="stmt"/>
      <line num="226" count="11" type="stmt"/>
      <line num="227" count="11" type="stmt"/>
      <line num="229" count="11" type="cond" truecount="2" falsecount="0"/>
      <line num="230" count="10" type="cond" truecount="2" falsecount="0"/>
      <line num="231" count="3" type="stmt"/>
      <line num="232" count="1" type="stmt"/>
      <line num="233" count="7" type="cond" truecount="2" falsecount="0"/>
      <line num="235" count="5" type="stmt"/>
      <line num="236" count="3" type="stmt"/>
      <line num="238" count="2" type="stmt"/>
      <line num="248" count="10" type="cond" truecount="1" falsecount="1"/>
      <line num="250" count="10" type="stmt"/>
      <line num="251" count="10" type="cond" truecount="2" falsecount="0"/>
      <line num="252" count="1" type="stmt"/>
      <line num="255" count="9" type="cond" truecount="2" falsecount="0"/>
      <line num="256" count="1" type="stmt"/>
      <line num="259" count="8" type="cond" truecount="2" falsecount="0"/>
      <line num="260" count="1" type="stmt"/>
      <line num="263" count="7" type="cond" truecount="2" falsecount="0"/>
      <line num="264" count="1" type="stmt"/>
      <line num="267" count="6" type="stmt"/>
      <line num="268" count="10" type="stmt"/>
      <line num="269" count="10" type="stmt"/>
      <line num="271" count="10" type="cond" truecount="2" falsecount="0"/>
      <line num="272" count="1" type="stmt"/>
      <line num="275" count="9" type="stmt"/>
      <line num="276" count="9" type="stmt"/>
      <line num="278" count="9" type="cond" truecount="2" falsecount="0"/>
      <line num="279" count="1" type="stmt"/>
      <line num="286" count="8" type="cond" truecount="2" falsecount="0"/>
      <line num="287" count="1" type="stmt"/>
      <line num="306" count="7" type="cond" truecount="2" falsecount="0"/>
      <line num="307" count="4" type="stmt"/>
      <line num="308" count="4" type="stmt"/>
      <line num="310" count="3" type="stmt"/>
      <line num="320" count="8" type="cond" truecount="2" falsecount="0"/>
      <line num="321" count="4" type="stmt"/>
      <line num="333" count="2" type="stmt"/>
    </file>
  </project>
</coverage>
