<?xml version="1.0" encoding="UTF-8"?>
<coverage generated="1689800962975" clover="3.2.0">
  <project timestamp="1689800962975" name="All files">
    <metrics statements="95" coveredstatements="95" conditionals="36" coveredconditionals="36" methods="15" coveredmethods="15" elements="146" coveredelements="146" complexity="0" loc="95" ncloc="95" packages="1" files="1" classes="1"/>
    <file name="index.js" path="C:\Users\jerry\Desktop\Sebastian\NPM\discord-verification\index.js">
      <metrics statements="95" coveredstatements="95" conditionals="36" coveredconditionals="36" methods="15" coveredmethods="15"/>
      <line num="7" count="1" type="stmt"/>
      <line num="14" count="2" type="stmt"/>
      <line num="15" count="2" type="stmt"/>
      <line num="21" count="5" type="stmt"/>
      <line num="22" count="5" type="stmt"/>
      <line num="28" count="3" type="stmt"/>
      <line num="29" count="3" type="stmt"/>
      <line num="35" count="4" type="stmt"/>
      <line num="36" count="4" type="stmt"/>
      <line num="42" count="1" type="stmt"/>
      <line num="43" count="1" type="stmt"/>
      <line num="49" count="1" type="stmt"/>
      <line num="50" count="1" type="stmt"/>
      <line num="56" count="3" type="stmt"/>
      <line num="57" count="3" type="stmt"/>
      <line num="70" count="3" type="cond" truecount="2" falsecount="0"/>
      <line num="71" count="3" type="stmt"/>
      <line num="76" count="19" type="stmt"/>
      <line num="83" count="10" type="stmt"/>
      <line num="84" count="6" type="stmt"/>
      <line num="88" count="5" type="stmt"/>
      <line num="97" count="3" type="stmt"/>
      <line num="98" count="3" type="stmt"/>
      <line num="99" count="6" type="stmt"/>
      <line num="100" count="6" type="stmt"/>
      <line num="101" count="30" type="stmt"/>
      <line num="105" count="30" type="stmt"/>
      <line num="107" count="6" type="stmt"/>
      <line num="110" count="3" type="stmt"/>
      <line num="115" count="3" type="stmt"/>
      <line num="120" count="3" type="stmt"/>
      <line num="122" count="3" type="stmt"/>
      <line num="124" count="3" type="stmt"/>
      <line num="135" count="3" type="stmt"/>
      <line num="151" count="13" type="stmt"/>
      <line num="152" count="13" type="stmt"/>
      <line num="154" count="13" type="cond" truecount="2" falsecount="0"/>
      <line num="157" count="13" type="stmt"/>
      <line num="158" count="13" type="cond" truecount="2" falsecount="0"/>
      <line num="159" count="2" type="stmt"/>
      <line num="162" count="11" type="stmt"/>
      <line num="163" count="11" type="cond" truecount="2" falsecount="0"/>
      <line num="164" count="1" type="stmt"/>
      <line num="168" count="10" type="stmt"/>
      <line num="170" count="3" type="stmt"/>
      <line num="172" count="3" type="stmt"/>
      <line num="174" count="3" type="stmt"/>
      <line num="185" count="3" type="stmt"/>
      <line num="194" count="2" type="stmt"/>
      <line num="196" count="2" type="stmt"/>
      <line num="207" count="2" type="stmt"/>
      <line num="218" count="4" type="cond" truecount="2" falsecount="0"/>
      <line num="219" count="4" type="stmt"/>
      <line num="220" count="4" type="stmt"/>
      <line num="221" count="4" type="stmt"/>
      <line num="223" count="3" type="stmt"/>
      <line num="224" count="3" type="stmt"/>
      <line num="225" count="3" type="stmt"/>
      <line num="234" count="12" type="stmt"/>
      <line num="235" count="12" type="cond" truecount="2" falsecount="0"/>
      <line num="236" count="3" type="stmt"/>
      <line num="238" count="9" type="cond" truecount="2" falsecount="0"/>
      <line num="239" count="3" type="stmt"/>
      <line num="240" count="6" type="cond" truecount="2" falsecount="0"/>
      <line num="242" count="4" type="stmt"/>
      <line num="244" count="2" type="stmt"/>
      <line num="254" count="10" type="stmt"/>
      <line num="255" count="10" type="cond" truecount="2" falsecount="0"/>
      <line num="256" count="1" type="stmt"/>
      <line num="259" count="9" type="cond" truecount="2" falsecount="0"/>
      <line num="260" count="1" type="stmt"/>
      <line num="263" count="8" type="cond" truecount="2" falsecount="0"/>
      <line num="264" count="1" type="stmt"/>
      <line num="267" count="7" type="cond" truecount="2" falsecount="0"/>
      <line num="268" count="1" type="stmt"/>
      <line num="271" count="6" type="stmt"/>
      <line num="272" count="10" type="stmt"/>
      <line num="273" count="10" type="stmt"/>
      <line num="275" count="10" type="cond" truecount="2" falsecount="0"/>
      <line num="276" count="1" type="stmt"/>
      <line num="279" count="9" type="stmt"/>
      <line num="280" count="9" type="stmt"/>
      <line num="282" count="9" type="cond" truecount="2" falsecount="0"/>
      <line num="283" count="1" type="stmt"/>
      <line num="290" count="8" type="cond" truecount="2" falsecount="0"/>
      <line num="291" count="1" type="stmt"/>
      <line num="310" count="10" type="cond" truecount="2" falsecount="0"/>
      <line num="311" count="7" type="stmt"/>
      <line num="312" count="7" type="stmt"/>
      <line num="314" count="3" type="stmt"/>
      <line num="324" count="10" type="cond" truecount="2" falsecount="0"/>
      <line num="325" count="4" type="stmt"/>
      <line num="337" count="2" type="stmt"/>
      <line num="345" count="4" type="stmt"/>
      <line num="349" count="1" type="stmt"/>
    </file>
  </project>
</coverage>
