{"C:\\Users\\jerry\\Desktop\\Sebastian\\NPM\\discord-verification\\index.js": {"path":"C:\\Users\\jerry\\Desktop\\Sebastian\\NPM\\discord-verification\\index.js","statementMap":{"0":{"start":{"line":7,"column":4},"end":{"line":7,"column":25}},"1":{"start":{"line":14,"column":4},"end":{"line":14,"column":88}},"2":{"start":{"line":15,"column":4},"end":{"line":15,"column":50}},"3":{"start":{"line":21,"column":4},"end":{"line":21,"column":91}},"4":{"start":{"line":22,"column":4},"end":{"line":22,"column":43}},"5":{"start":{"line":28,"column":4},"end":{"line":28,"column":81}},"6":{"start":{"line":29,"column":4},"end":{"line":29,"column":34}},"7":{"start":{"line":35,"column":4},"end":{"line":35,"column":72}},"8":{"start":{"line":36,"column":4},"end":{"line":36,"column":40}},"9":{"start":{"line":42,"column":4},"end":{"line":42,"column":51}},"10":{"start":{"line":43,"column":4},"end":{"line":43,"column":37}},"11":{"start":{"line":49,"column":4},"end":{"line":49,"column":53}},"12":{"start":{"line":50,"column":4},"end":{"line":50,"column":45}},"13":{"start":{"line":56,"column":4},"end":{"line":56,"column":86}},"14":{"start":{"line":57,"column":4},"end":{"line":57,"column":42}},"15":{"start":{"line":70,"column":4},"end":{"line":70,"column":51}},"16":{"start":{"line":71,"column":4},"end":{"line":71,"column":27}},"17":{"start":{"line":76,"column":4},"end":{"line":76,"column":21}},"18":{"start":{"line":83,"column":4},"end":{"line":83,"column":34}},"19":{"start":{"line":84,"column":4},"end":{"line":84,"column":43}},"20":{"start":{"line":88,"column":4},"end":{"line":88,"column":26}},"21":{"start":{"line":97,"column":23},"end":{"line":97,"column":25}},"22":{"start":{"line":98,"column":4},"end":{"line":108,"column":5}},"23":{"start":{"line":98,"column":17},"end":{"line":98,"column":18}},"24":{"start":{"line":99,"column":18},"end":{"line":99,"column":40}},"25":{"start":{"line":100,"column":6},"end":{"line":106,"column":7}},"26":{"start":{"line":100,"column":19},"end":{"line":100,"column":20}},"27":{"start":{"line":101,"column":20},"end":{"line":104,"column":40}},"28":{"start":{"line":105,"column":8},"end":{"line":105,"column":31}},"29":{"start":{"line":107,"column":6},"end":{"line":107,"column":27}},"30":{"start":{"line":110,"column":22},"end":{"line":113,"column":36}},"31":{"start":{"line":115,"column":21},"end":{"line":118,"column":35}},"32":{"start":{"line":120,"column":17},"end":{"line":120,"column":74}},"33":{"start":{"line":122,"column":23},"end":{"line":122,"column":44}},"34":{"start":{"line":124,"column":24},"end":{"line":133,"column":5}},"35":{"start":{"line":135,"column":4},"end":{"line":138,"column":6}},"36":{"start":{"line":151,"column":23},"end":{"line":151,"column":30}},"37":{"start":{"line":152,"column":20},"end":{"line":152,"column":27}},"38":{"start":{"line":154,"column":4},"end":{"line":154,"column":80}},"39":{"start":{"line":154,"column":39},"end":{"line":154,"column":80}},"40":{"start":{"line":157,"column":24},"end":{"line":157,"column":51}},"41":{"start":{"line":158,"column":4},"end":{"line":160,"column":5}},"42":{"start":{"line":159,"column":6},"end":{"line":159,"column":64}},"43":{"start":{"line":162,"column":23},"end":{"line":162,"column":36}},"44":{"start":{"line":163,"column":4},"end":{"line":166,"column":5}},"45":{"start":{"line":164,"column":6},"end":{"line":164,"column":76}},"46":{"start":{"line":168,"column":4},"end":{"line":168,"column":29}},"47":{"start":{"line":170,"column":26},"end":{"line":170,"column":76}},"48":{"start":{"line":172,"column":25},"end":{"line":172,"column":70}},"49":{"start":{"line":174,"column":21},"end":{"line":183,"column":5}},"50":{"start":{"line":185,"column":4},"end":{"line":185,"column":20}},"51":{"start":{"line":194,"column":4},"end":{"line":194,"column":30}},"52":{"start":{"line":196,"column":24},"end":{"line":205,"column":5}},"53":{"start":{"line":207,"column":4},"end":{"line":207,"column":23}},"54":{"start":{"line":218,"column":4},"end":{"line":218,"column":80}},"55":{"start":{"line":218,"column":39},"end":{"line":218,"column":80}},"56":{"start":{"line":219,"column":27},"end":{"line":219,"column":35}},"57":{"start":{"line":220,"column":27},"end":{"line":220,"column":77}},"58":{"start":{"line":221,"column":24},"end":{"line":221,"column":58}},"59":{"start":{"line":223,"column":22},"end":{"line":223,"column":51}},"60":{"start":{"line":224,"column":4},"end":{"line":224,"column":31}},"61":{"start":{"line":225,"column":4},"end":{"line":225,"column":26}},"62":{"start":{"line":234,"column":23},"end":{"line":234,"column":36}},"63":{"start":{"line":235,"column":4},"end":{"line":245,"column":5}},"64":{"start":{"line":236,"column":6},"end":{"line":236,"column":41}},"65":{"start":{"line":238,"column":9},"end":{"line":245,"column":5}},"66":{"start":{"line":239,"column":6},"end":{"line":239,"column":28}},"67":{"start":{"line":240,"column":11},"end":{"line":245,"column":5}},"68":{"start":{"line":242,"column":6},"end":{"line":242,"column":27}},"69":{"start":{"line":244,"column":6},"end":{"line":244,"column":91}},"70":{"start":{"line":254,"column":22},"end":{"line":254,"column":34}},"71":{"start":{"line":255,"column":4},"end":{"line":257,"column":5}},"72":{"start":{"line":256,"column":6},"end":{"line":256,"column":71}},"73":{"start":{"line":259,"column":4},"end":{"line":261,"column":5}},"74":{"start":{"line":260,"column":6},"end":{"line":260,"column":37}},"75":{"start":{"line":263,"column":4},"end":{"line":265,"column":5}},"76":{"start":{"line":264,"column":6},"end":{"line":264,"column":87}},"77":{"start":{"line":267,"column":4},"end":{"line":269,"column":5}},"78":{"start":{"line":268,"column":6},"end":{"line":268,"column":59}},"79":{"start":{"line":271,"column":4},"end":{"line":297,"column":5}},"80":{"start":{"line":271,"column":17},"end":{"line":271,"column":18}},"81":{"start":{"line":272,"column":22},"end":{"line":272,"column":37}},"82":{"start":{"line":273,"column":26},"end":{"line":273,"column":40}},"83":{"start":{"line":275,"column":6},"end":{"line":277,"column":7}},"84":{"start":{"line":276,"column":8},"end":{"line":276,"column":87}},"85":{"start":{"line":279,"column":30},"end":{"line":279,"column":49}},"86":{"start":{"line":280,"column":31},"end":{"line":280,"column":51}},"87":{"start":{"line":282,"column":6},"end":{"line":288,"column":7}},"88":{"start":{"line":283,"column":8},"end":{"line":287,"column":10}},"89":{"start":{"line":290,"column":6},"end":{"line":296,"column":7}},"90":{"start":{"line":291,"column":8},"end":{"line":295,"column":10}},"91":{"start":{"line":310,"column":4},"end":{"line":315,"column":5}},"92":{"start":{"line":311,"column":6},"end":{"line":311,"column":32}},"93":{"start":{"line":312,"column":6},"end":{"line":312,"column":20}},"94":{"start":{"line":314,"column":6},"end":{"line":314,"column":34}},"95":{"start":{"line":324,"column":4},"end":{"line":326,"column":5}},"96":{"start":{"line":325,"column":6},"end":{"line":325,"column":40}},"97":{"start":{"line":337,"column":4},"end":{"line":337,"column":23}},"98":{"start":{"line":345,"column":4},"end":{"line":345,"column":51}},"99":{"start":{"line":349,"column":0},"end":{"line":349,"column":30}}},"fnMap":{"0":{"name":"(anonymous_0)","decl":{"start":{"line":13,"column":2},"end":{"line":13,"column":3}},"loc":{"start":{"line":13,"column":34},"end":{"line":16,"column":3}},"line":13},"1":{"name":"(anonymous_1)","decl":{"start":{"line":20,"column":2},"end":{"line":20,"column":3}},"loc":{"start":{"line":20,"column":46},"end":{"line":23,"column":3}},"line":20},"2":{"name":"(anonymous_2)","decl":{"start":{"line":27,"column":2},"end":{"line":27,"column":3}},"loc":{"start":{"line":27,"column":16},"end":{"line":30,"column":3}},"line":27},"3":{"name":"(anonymous_3)","decl":{"start":{"line":34,"column":2},"end":{"line":34,"column":3}},"loc":{"start":{"line":34,"column":16},"end":{"line":37,"column":3}},"line":34},"4":{"name":"(anonymous_4)","decl":{"start":{"line":41,"column":2},"end":{"line":41,"column":3}},"loc":{"start":{"line":41,"column":16},"end":{"line":44,"column":3}},"line":41},"5":{"name":"(anonymous_5)","decl":{"start":{"line":48,"column":2},"end":{"line":48,"column":3}},"loc":{"start":{"line":48,"column":21},"end":{"line":51,"column":3}},"line":48},"6":{"name":"(anonymous_6)","decl":{"start":{"line":55,"column":2},"end":{"line":55,"column":3}},"loc":{"start":{"line":55,"column":41},"end":{"line":58,"column":3}},"line":55},"7":{"name":"(anonymous_7)","decl":{"start":{"line":69,"column":2},"end":{"line":69,"column":3}},"loc":{"start":{"line":69,"column":44},"end":{"line":72,"column":3}},"line":69},"8":{"name":"(anonymous_8)","decl":{"start":{"line":75,"column":2},"end":{"line":75,"column":3}},"loc":{"start":{"line":75,"column":12},"end":{"line":77,"column":3}},"line":75},"9":{"name":"(anonymous_9)","decl":{"start":{"line":87,"column":2},"end":{"line":87,"column":3}},"loc":{"start":{"line":87,"column":17},"end":{"line":89,"column":3}},"line":87},"10":{"name":"(anonymous_10)","decl":{"start":{"line":96,"column":2},"end":{"line":96,"column":3}},"loc":{"start":{"line":96,"column":22},"end":{"line":139,"column":3}},"line":96},"11":{"name":"(anonymous_11)","decl":{"start":{"line":150,"column":2},"end":{"line":150,"column":3}},"loc":{"start":{"line":150,"column":38},"end":{"line":186,"column":3}},"line":150},"12":{"name":"(anonymous_12)","decl":{"start":{"line":193,"column":2},"end":{"line":193,"column":3}},"loc":{"start":{"line":193,"column":22},"end":{"line":208,"column":3}},"line":193},"13":{"name":"(anonymous_13)","decl":{"start":{"line":217,"column":2},"end":{"line":217,"column":3}},"loc":{"start":{"line":217,"column":27},"end":{"line":226,"column":3}},"line":217},"14":{"name":"(anonymous_14)","decl":{"start":{"line":233,"column":2},"end":{"line":233,"column":3}},"loc":{"start":{"line":233,"column":29},"end":{"line":246,"column":3}},"line":233}},"branchMap":{"0":{"loc":{"start":{"line":69,"column":14},"end":{"line":69,"column":42}},"type":"default-arg","locations":[{"start":{"line":69,"column":24},"end":{"line":69,"column":42}}],"line":69},"1":{"loc":{"start":{"line":70,"column":16},"end":{"line":70,"column":50}},"type":"binary-expr","locations":[{"start":{"line":70,"column":16},"end":{"line":70,"column":27}},{"start":{"line":70,"column":31},"end":{"line":70,"column":50}}],"line":70},"2":{"loc":{"start":{"line":150,"column":24},"end":{"line":150,"column":36}},"type":"default-arg","locations":[{"start":{"line":150,"column":34},"end":{"line":150,"column":36}}],"line":150},"3":{"loc":{"start":{"line":154,"column":4},"end":{"line":154,"column":80}},"type":"if","locations":[{"start":{"line":154,"column":4},"end":{"line":154,"column":80}},{"start":{},"end":{}}],"line":154},"4":{"loc":{"start":{"line":158,"column":4},"end":{"line":160,"column":5}},"type":"if","locations":[{"start":{"line":158,"column":4},"end":{"line":160,"column":5}},{"start":{},"end":{}}],"line":158},"5":{"loc":{"start":{"line":163,"column":4},"end":{"line":166,"column":5}},"type":"if","locations":[{"start":{"line":163,"column":4},"end":{"line":166,"column":5}},{"start":{},"end":{}}],"line":163},"6":{"loc":{"start":{"line":218,"column":4},"end":{"line":218,"column":80}},"type":"if","locations":[{"start":{"line":218,"column":4},"end":{"line":218,"column":80}},{"start":{},"end":{}}],"line":218},"7":{"loc":{"start":{"line":235,"column":4},"end":{"line":245,"column":5}},"type":"if","locations":[{"start":{"line":235,"column":4},"end":{"line":245,"column":5}},{"start":{"line":238,"column":9},"end":{"line":245,"column":5}}],"line":235},"8":{"loc":{"start":{"line":238,"column":9},"end":{"line":245,"column":5}},"type":"if","locations":[{"start":{"line":238,"column":9},"end":{"line":245,"column":5}},{"start":{"line":240,"column":11},"end":{"line":245,"column":5}}],"line":238},"9":{"loc":{"start":{"line":240,"column":11},"end":{"line":245,"column":5}},"type":"if","locations":[{"start":{"line":240,"column":11},"end":{"line":245,"column":5}},{"start":{"line":243,"column":11},"end":{"line":245,"column":5}}],"line":240},"10":{"loc":{"start":{"line":255,"column":4},"end":{"line":257,"column":5}},"type":"if","locations":[{"start":{"line":255,"column":4},"end":{"line":257,"column":5}},{"start":{},"end":{}}],"line":255},"11":{"loc":{"start":{"line":259,"column":4},"end":{"line":261,"column":5}},"type":"if","locations":[{"start":{"line":259,"column":4},"end":{"line":261,"column":5}},{"start":{},"end":{}}],"line":259},"12":{"loc":{"start":{"line":263,"column":4},"end":{"line":265,"column":5}},"type":"if","locations":[{"start":{"line":263,"column":4},"end":{"line":265,"column":5}},{"start":{},"end":{}}],"line":263},"13":{"loc":{"start":{"line":267,"column":4},"end":{"line":269,"column":5}},"type":"if","locations":[{"start":{"line":267,"column":4},"end":{"line":269,"column":5}},{"start":{},"end":{}}],"line":267},"14":{"loc":{"start":{"line":275,"column":6},"end":{"line":277,"column":7}},"type":"if","locations":[{"start":{"line":275,"column":6},"end":{"line":277,"column":7}},{"start":{},"end":{}}],"line":275},"15":{"loc":{"start":{"line":282,"column":6},"end":{"line":288,"column":7}},"type":"if","locations":[{"start":{"line":282,"column":6},"end":{"line":288,"column":7}},{"start":{},"end":{}}],"line":282},"16":{"loc":{"start":{"line":290,"column":6},"end":{"line":296,"column":7}},"type":"if","locations":[{"start":{"line":290,"column":6},"end":{"line":296,"column":7}},{"start":{},"end":{}}],"line":290},"17":{"loc":{"start":{"line":310,"column":4},"end":{"line":315,"column":5}},"type":"if","locations":[{"start":{"line":310,"column":4},"end":{"line":315,"column":5}},{"start":{"line":313,"column":11},"end":{"line":315,"column":5}}],"line":310},"18":{"loc":{"start":{"line":324,"column":4},"end":{"line":326,"column":5}},"type":"if","locations":[{"start":{"line":324,"column":4},"end":{"line":326,"column":5}},{"start":{},"end":{}}],"line":324}},"s":{"0":1,"1":2,"2":2,"3":5,"4":5,"5":3,"6":3,"7":4,"8":4,"9":1,"10":1,"11":1,"12":1,"13":3,"14":3,"15":3,"16":3,"17":19,"18":10,"19":6,"20":5,"21":3,"22":3,"23":3,"24":6,"25":6,"26":6,"27":30,"28":30,"29":6,"30":3,"31":3,"32":3,"33":3,"34":3,"35":3,"36":13,"37":13,"38":13,"39":1,"40":13,"41":13,"42":2,"43":11,"44":11,"45":1,"46":10,"47":3,"48":3,"49":3,"50":3,"51":2,"52":2,"53":2,"54":4,"55":1,"56":4,"57":4,"58":4,"59":3,"60":3,"61":3,"62":12,"63":12,"64":3,"65":9,"66":3,"67":6,"68":4,"69":2,"70":10,"71":10,"72":1,"73":9,"74":1,"75":8,"76":1,"77":7,"78":1,"79":6,"80":6,"81":10,"82":10,"83":10,"84":1,"85":9,"86":9,"87":9,"88":1,"89":8,"90":1,"91":10,"92":7,"93":7,"94":3,"95":10,"96":4,"97":2,"98":4,"99":1},"f":{"0":2,"1":5,"2":3,"3":4,"4":1,"5":1,"6":3,"7":3,"8":19,"9":5,"10":3,"11":13,"12":2,"13":4,"14":12},"b":{"0":[1],"1":[3,1],"2":[1],"3":[1,12],"4":[2,11],"5":[1,10],"6":[1,3],"7":[3,9],"8":[3,6],"9":[4,2],"10":[1,9],"11":[1,8],"12":[1,7],"13":[1,6],"14":[1,9],"15":[1,8],"16":[1,7],"17":[7,3],"18":[4,6]},"_coverageSchema":"1a1c01bbd47fc00a2c39e90264f33305004495a9","hash":"0a662a2c54f8c8ff04f0a1b16873a4a5d654bdcd"}
}
