{"C:\\Users\\jerry\\Desktop\\Sebastian\\NPM\\verify-discord\\index.js": {"path":"C:\\Users\\jerry\\Desktop\\Sebastian\\NPM\\verify-discord\\index.js","statementMap":{"0":{"start":{"line":7,"column":4},"end":{"line":7,"column":25}},"1":{"start":{"line":14,"column":4},"end":{"line":14,"column":88}},"2":{"start":{"line":15,"column":4},"end":{"line":15,"column":50}},"3":{"start":{"line":21,"column":4},"end":{"line":21,"column":91}},"4":{"start":{"line":22,"column":4},"end":{"line":22,"column":43}},"5":{"start":{"line":28,"column":4},"end":{"line":28,"column":81}},"6":{"start":{"line":29,"column":4},"end":{"line":29,"column":34}},"7":{"start":{"line":35,"column":4},"end":{"line":35,"column":72}},"8":{"start":{"line":36,"column":4},"end":{"line":36,"column":40}},"9":{"start":{"line":42,"column":4},"end":{"line":42,"column":51}},"10":{"start":{"line":43,"column":4},"end":{"line":43,"column":37}},"11":{"start":{"line":49,"column":4},"end":{"line":49,"column":53}},"12":{"start":{"line":50,"column":4},"end":{"line":50,"column":45}},"13":{"start":{"line":56,"column":4},"end":{"line":56,"column":86}},"14":{"start":{"line":57,"column":4},"end":{"line":57,"column":42}},"15":{"start":{"line":62,"column":0},"end":{"line":335,"column":2}},"16":{"start":{"line":64,"column":4},"end":{"line":64,"column":41}},"17":{"start":{"line":65,"column":4},"end":{"line":65,"column":26}},"18":{"start":{"line":73,"column":4},"end":{"line":73,"column":79}},"19":{"start":{"line":82,"column":23},"end":{"line":82,"column":25}},"20":{"start":{"line":83,"column":4},"end":{"line":93,"column":5}},"21":{"start":{"line":83,"column":17},"end":{"line":83,"column":18}},"22":{"start":{"line":84,"column":18},"end":{"line":84,"column":40}},"23":{"start":{"line":85,"column":6},"end":{"line":91,"column":7}},"24":{"start":{"line":85,"column":19},"end":{"line":85,"column":20}},"25":{"start":{"line":86,"column":20},"end":{"line":89,"column":40}},"26":{"start":{"line":90,"column":8},"end":{"line":90,"column":31}},"27":{"start":{"line":92,"column":6},"end":{"line":92,"column":27}},"28":{"start":{"line":95,"column":22},"end":{"line":98,"column":36}},"29":{"start":{"line":100,"column":21},"end":{"line":103,"column":35}},"30":{"start":{"line":105,"column":17},"end":{"line":105,"column":74}},"31":{"start":{"line":107,"column":23},"end":{"line":107,"column":44}},"32":{"start":{"line":109,"column":24},"end":{"line":118,"column":5}},"33":{"start":{"line":120,"column":4},"end":{"line":123,"column":6}},"34":{"start":{"line":136,"column":23},"end":{"line":136,"column":30}},"35":{"start":{"line":137,"column":20},"end":{"line":137,"column":27}},"36":{"start":{"line":139,"column":4},"end":{"line":139,"column":79}},"37":{"start":{"line":139,"column":39},"end":{"line":139,"column":79}},"38":{"start":{"line":142,"column":24},"end":{"line":142,"column":51}},"39":{"start":{"line":143,"column":4},"end":{"line":145,"column":5}},"40":{"start":{"line":144,"column":6},"end":{"line":144,"column":64}},"41":{"start":{"line":147,"column":23},"end":{"line":147,"column":36}},"42":{"start":{"line":148,"column":4},"end":{"line":151,"column":5}},"43":{"start":{"line":149,"column":6},"end":{"line":149,"column":76}},"44":{"start":{"line":153,"column":4},"end":{"line":153,"column":28}},"45":{"start":{"line":155,"column":26},"end":{"line":155,"column":76}},"46":{"start":{"line":157,"column":25},"end":{"line":157,"column":70}},"47":{"start":{"line":159,"column":21},"end":{"line":168,"column":5}},"48":{"start":{"line":170,"column":4},"end":{"line":170,"column":20}},"49":{"start":{"line":179,"column":4},"end":{"line":179,"column":34}},"50":{"start":{"line":181,"column":24},"end":{"line":190,"column":5}},"51":{"start":{"line":192,"column":4},"end":{"line":192,"column":23}},"52":{"start":{"line":203,"column":4},"end":{"line":203,"column":79}},"53":{"start":{"line":203,"column":39},"end":{"line":203,"column":79}},"54":{"start":{"line":204,"column":27},"end":{"line":204,"column":35}},"55":{"start":{"line":205,"column":27},"end":{"line":205,"column":77}},"56":{"start":{"line":206,"column":24},"end":{"line":206,"column":57}},"57":{"start":{"line":208,"column":22},"end":{"line":208,"column":51}},"58":{"start":{"line":209,"column":4},"end":{"line":209,"column":30}},"59":{"start":{"line":210,"column":4},"end":{"line":210,"column":25}},"60":{"start":{"line":226,"column":18},"end":{"line":226,"column":24}},"61":{"start":{"line":227,"column":23},"end":{"line":227,"column":37}},"62":{"start":{"line":229,"column":4},"end":{"line":239,"column":5}},"63":{"start":{"line":229,"column":36},"end":{"line":229,"column":75}},"64":{"start":{"line":230,"column":9},"end":{"line":239,"column":5}},"65":{"start":{"line":231,"column":6},"end":{"line":231,"column":35}},"66":{"start":{"line":232,"column":6},"end":{"line":232,"column":34}},"67":{"start":{"line":233,"column":11},"end":{"line":239,"column":5}},"68":{"start":{"line":235,"column":6},"end":{"line":235,"column":35}},"69":{"start":{"line":236,"column":6},"end":{"line":236,"column":43}},"70":{"start":{"line":238,"column":6},"end":{"line":238,"column":91}},"71":{"start":{"line":248,"column":4},"end":{"line":248,"column":79}},"72":{"start":{"line":248,"column":39},"end":{"line":248,"column":79}},"73":{"start":{"line":250,"column":22},"end":{"line":250,"column":34}},"74":{"start":{"line":251,"column":4},"end":{"line":253,"column":5}},"75":{"start":{"line":252,"column":6},"end":{"line":252,"column":71}},"76":{"start":{"line":255,"column":4},"end":{"line":257,"column":5}},"77":{"start":{"line":256,"column":6},"end":{"line":256,"column":37}},"78":{"start":{"line":259,"column":4},"end":{"line":261,"column":5}},"79":{"start":{"line":260,"column":6},"end":{"line":260,"column":87}},"80":{"start":{"line":263,"column":4},"end":{"line":265,"column":5}},"81":{"start":{"line":264,"column":6},"end":{"line":264,"column":59}},"82":{"start":{"line":267,"column":4},"end":{"line":293,"column":5}},"83":{"start":{"line":267,"column":17},"end":{"line":267,"column":18}},"84":{"start":{"line":268,"column":22},"end":{"line":268,"column":37}},"85":{"start":{"line":269,"column":26},"end":{"line":269,"column":40}},"86":{"start":{"line":271,"column":6},"end":{"line":273,"column":7}},"87":{"start":{"line":272,"column":8},"end":{"line":272,"column":87}},"88":{"start":{"line":275,"column":30},"end":{"line":275,"column":49}},"89":{"start":{"line":276,"column":31},"end":{"line":276,"column":51}},"90":{"start":{"line":278,"column":6},"end":{"line":284,"column":7}},"91":{"start":{"line":279,"column":8},"end":{"line":283,"column":10}},"92":{"start":{"line":286,"column":6},"end":{"line":292,"column":7}},"93":{"start":{"line":287,"column":8},"end":{"line":291,"column":10}},"94":{"start":{"line":306,"column":4},"end":{"line":311,"column":5}},"95":{"start":{"line":307,"column":6},"end":{"line":307,"column":32}},"96":{"start":{"line":308,"column":6},"end":{"line":308,"column":20}},"97":{"start":{"line":310,"column":6},"end":{"line":310,"column":34}},"98":{"start":{"line":320,"column":4},"end":{"line":322,"column":5}},"99":{"start":{"line":321,"column":6},"end":{"line":321,"column":40}},"100":{"start":{"line":333,"column":4},"end":{"line":333,"column":23}}},"fnMap":{"0":{"name":"(anonymous_0)","decl":{"start":{"line":13,"column":2},"end":{"line":13,"column":3}},"loc":{"start":{"line":13,"column":34},"end":{"line":16,"column":3}},"line":13},"1":{"name":"(anonymous_1)","decl":{"start":{"line":20,"column":2},"end":{"line":20,"column":3}},"loc":{"start":{"line":20,"column":46},"end":{"line":23,"column":3}},"line":20},"2":{"name":"(anonymous_2)","decl":{"start":{"line":27,"column":2},"end":{"line":27,"column":3}},"loc":{"start":{"line":27,"column":16},"end":{"line":30,"column":3}},"line":27},"3":{"name":"(anonymous_3)","decl":{"start":{"line":34,"column":2},"end":{"line":34,"column":3}},"loc":{"start":{"line":34,"column":16},"end":{"line":37,"column":3}},"line":34},"4":{"name":"(anonymous_4)","decl":{"start":{"line":41,"column":2},"end":{"line":41,"column":3}},"loc":{"start":{"line":41,"column":16},"end":{"line":44,"column":3}},"line":41},"5":{"name":"(anonymous_5)","decl":{"start":{"line":48,"column":2},"end":{"line":48,"column":3}},"loc":{"start":{"line":48,"column":21},"end":{"line":51,"column":3}},"line":48},"6":{"name":"(anonymous_6)","decl":{"start":{"line":55,"column":2},"end":{"line":55,"column":3}},"loc":{"start":{"line":55,"column":41},"end":{"line":58,"column":3}},"line":55},"7":{"name":"(anonymous_7)","decl":{"start":{"line":63,"column":2},"end":{"line":63,"column":3}},"loc":{"start":{"line":63,"column":44},"end":{"line":66,"column":3}},"line":63},"8":{"name":"(anonymous_8)","decl":{"start":{"line":72,"column":2},"end":{"line":72,"column":3}},"loc":{"start":{"line":72,"column":16},"end":{"line":74,"column":3}},"line":72},"9":{"name":"(anonymous_9)","decl":{"start":{"line":81,"column":2},"end":{"line":81,"column":3}},"loc":{"start":{"line":81,"column":22},"end":{"line":124,"column":3}},"line":81},"10":{"name":"(anonymous_10)","decl":{"start":{"line":135,"column":2},"end":{"line":135,"column":3}},"loc":{"start":{"line":135,"column":38},"end":{"line":171,"column":3}},"line":135},"11":{"name":"(anonymous_11)","decl":{"start":{"line":178,"column":2},"end":{"line":178,"column":3}},"loc":{"start":{"line":178,"column":22},"end":{"line":193,"column":3}},"line":178},"12":{"name":"(anonymous_12)","decl":{"start":{"line":202,"column":2},"end":{"line":202,"column":3}},"loc":{"start":{"line":202,"column":27},"end":{"line":211,"column":3}},"line":202},"13":{"name":"(anonymous_13)","decl":{"start":{"line":218,"column":2},"end":{"line":218,"column":3}},"loc":{"start":{"line":218,"column":29},"end":{"line":240,"column":3}},"line":218},"14":{"name":"(anonymous_14)","decl":{"start":{"line":247,"column":2},"end":{"line":247,"column":3}},"loc":{"start":{"line":247,"column":21},"end":{"line":294,"column":3}},"line":247},"15":{"name":"(anonymous_15)","decl":{"start":{"line":305,"column":2},"end":{"line":305,"column":3}},"loc":{"start":{"line":305,"column":23},"end":{"line":312,"column":3}},"line":305},"16":{"name":"(anonymous_16)","decl":{"start":{"line":319,"column":2},"end":{"line":319,"column":3}},"loc":{"start":{"line":319,"column":23},"end":{"line":323,"column":3}},"line":319},"17":{"name":"(anonymous_17)","decl":{"start":{"line":332,"column":2},"end":{"line":332,"column":3}},"loc":{"start":{"line":332,"column":29},"end":{"line":334,"column":3}},"line":332}},"branchMap":{"0":{"loc":{"start":{"line":63,"column":14},"end":{"line":63,"column":42}},"type":"default-arg","locations":[{"start":{"line":63,"column":24},"end":{"line":63,"column":42}}],"line":63},"1":{"loc":{"start":{"line":64,"column":15},"end":{"line":64,"column":40}},"type":"binary-expr","locations":[{"start":{"line":64,"column":15},"end":{"line":64,"column":18}},{"start":{"line":64,"column":22},"end":{"line":64,"column":40}}],"line":64},"2":{"loc":{"start":{"line":135,"column":24},"end":{"line":135,"column":36}},"type":"default-arg","locations":[{"start":{"line":135,"column":34},"end":{"line":135,"column":36}}],"line":135},"3":{"loc":{"start":{"line":139,"column":4},"end":{"line":139,"column":79}},"type":"if","locations":[{"start":{"line":139,"column":4},"end":{"line":139,"column":79}},{"start":{},"end":{}}],"line":139},"4":{"loc":{"start":{"line":143,"column":4},"end":{"line":145,"column":5}},"type":"if","locations":[{"start":{"line":143,"column":4},"end":{"line":145,"column":5}},{"start":{},"end":{}}],"line":143},"5":{"loc":{"start":{"line":148,"column":4},"end":{"line":151,"column":5}},"type":"if","locations":[{"start":{"line":148,"column":4},"end":{"line":151,"column":5}},{"start":{},"end":{}}],"line":148},"6":{"loc":{"start":{"line":203,"column":4},"end":{"line":203,"column":79}},"type":"if","locations":[{"start":{"line":203,"column":4},"end":{"line":203,"column":79}},{"start":{},"end":{}}],"line":203},"7":{"loc":{"start":{"line":229,"column":4},"end":{"line":239,"column":5}},"type":"if","locations":[{"start":{"line":229,"column":4},"end":{"line":239,"column":5}},{"start":{"line":230,"column":9},"end":{"line":239,"column":5}}],"line":229},"8":{"loc":{"start":{"line":230,"column":9},"end":{"line":239,"column":5}},"type":"if","locations":[{"start":{"line":230,"column":9},"end":{"line":239,"column":5}},{"start":{"line":233,"column":11},"end":{"line":239,"column":5}}],"line":230},"9":{"loc":{"start":{"line":233,"column":11},"end":{"line":239,"column":5}},"type":"if","locations":[{"start":{"line":233,"column":11},"end":{"line":239,"column":5}},{"start":{"line":237,"column":11},"end":{"line":239,"column":5}}],"line":233},"10":{"loc":{"start":{"line":248,"column":4},"end":{"line":248,"column":79}},"type":"if","locations":[{"start":{"line":248,"column":4},"end":{"line":248,"column":79}},{"start":{},"end":{}}],"line":248},"11":{"loc":{"start":{"line":251,"column":4},"end":{"line":253,"column":5}},"type":"if","locations":[{"start":{"line":251,"column":4},"end":{"line":253,"column":5}},{"start":{},"end":{}}],"line":251},"12":{"loc":{"start":{"line":255,"column":4},"end":{"line":257,"column":5}},"type":"if","locations":[{"start":{"line":255,"column":4},"end":{"line":257,"column":5}},{"start":{},"end":{}}],"line":255},"13":{"loc":{"start":{"line":259,"column":4},"end":{"line":261,"column":5}},"type":"if","locations":[{"start":{"line":259,"column":4},"end":{"line":261,"column":5}},{"start":{},"end":{}}],"line":259},"14":{"loc":{"start":{"line":263,"column":4},"end":{"line":265,"column":5}},"type":"if","locations":[{"start":{"line":263,"column":4},"end":{"line":265,"column":5}},{"start":{},"end":{}}],"line":263},"15":{"loc":{"start":{"line":271,"column":6},"end":{"line":273,"column":7}},"type":"if","locations":[{"start":{"line":271,"column":6},"end":{"line":273,"column":7}},{"start":{},"end":{}}],"line":271},"16":{"loc":{"start":{"line":278,"column":6},"end":{"line":284,"column":7}},"type":"if","locations":[{"start":{"line":278,"column":6},"end":{"line":284,"column":7}},{"start":{},"end":{}}],"line":278},"17":{"loc":{"start":{"line":286,"column":6},"end":{"line":292,"column":7}},"type":"if","locations":[{"start":{"line":286,"column":6},"end":{"line":292,"column":7}},{"start":{},"end":{}}],"line":286},"18":{"loc":{"start":{"line":306,"column":4},"end":{"line":311,"column":5}},"type":"if","locations":[{"start":{"line":306,"column":4},"end":{"line":311,"column":5}},{"start":{"line":309,"column":11},"end":{"line":311,"column":5}}],"line":306},"19":{"loc":{"start":{"line":320,"column":4},"end":{"line":322,"column":5}},"type":"if","locations":[{"start":{"line":320,"column":4},"end":{"line":322,"column":5}},{"start":{},"end":{}}],"line":320}},"s":{"0":1,"1":2,"2":2,"3":5,"4":5,"5":3,"6":3,"7":4,"8":4,"9":1,"10":1,"11":1,"12":1,"13":3,"14":3,"15":1,"16":3,"17":3,"18":8,"19":3,"20":3,"21":3,"22":6,"23":6,"24":6,"25":30,"26":30,"27":6,"28":3,"29":3,"30":3,"31":3,"32":3,"33":3,"34":13,"35":13,"36":13,"37":1,"38":13,"39":13,"40":2,"41":11,"42":11,"43":1,"44":10,"45":3,"46":3,"47":3,"48":3,"49":2,"50":2,"51":2,"52":4,"53":1,"54":4,"55":4,"56":4,"57":3,"58":3,"59":3,"60":11,"61":11,"62":11,"63":1,"64":10,"65":3,"66":1,"67":7,"68":5,"69":3,"70":2,"71":10,"72":0,"73":10,"74":10,"75":1,"76":9,"77":1,"78":8,"79":1,"80":7,"81":1,"82":6,"83":6,"84":10,"85":10,"86":10,"87":1,"88":9,"89":9,"90":9,"91":1,"92":8,"93":1,"94":7,"95":4,"96":4,"97":3,"98":8,"99":4,"100":2},"f":{"0":2,"1":5,"2":3,"3":4,"4":1,"5":1,"6":3,"7":3,"8":8,"9":3,"10":13,"11":2,"12":4,"13":11,"14":10,"15":7,"16":8,"17":2},"b":{"0":[1],"1":[3,1],"2":[1],"3":[1,12],"4":[2,11],"5":[1,10],"6":[1,3],"7":[1,10],"8":[3,7],"9":[5,2],"10":[0,10],"11":[1,9],"12":[1,8],"13":[1,7],"14":[1,6],"15":[1,9],"16":[1,8],"17":[1,7],"18":[4,3],"19":[4,4]},"_coverageSchema":"1a1c01bbd47fc00a2c39e90264f33305004495a9","hash":"fb00f7086fcd2c5b6b0142573ace70055f16ce1b"}
}
