TN:
SF:index.js
FN:13,(anonymous_0)
FN:20,(anonymous_1)
FN:27,(anonymous_2)
FN:34,(anonymous_3)
FN:41,(anonymous_4)
FN:48,(anonymous_5)
FN:55,(anonymous_6)
FN:69,(anonymous_7)
FN:75,(anonymous_8)
FN:87,(anonymous_9)
FN:96,(anonymous_10)
FN:150,(anonymous_11)
FN:193,(anonymous_12)
FN:217,(anonymous_13)
FN:233,(anonymous_14)
FNF:15
FNH:15
FNDA:2,(anonymous_0)
FNDA:5,(anonymous_1)
FNDA:3,(anonymous_2)
FNDA:4,(anonymous_3)
FNDA:1,(anonymous_4)
FNDA:1,(anonymous_5)
FNDA:3,(anonymous_6)
FNDA:3,(anonymous_7)
FNDA:19,(anonymous_8)
FNDA:5,(anonymous_9)
FNDA:3,(anonymous_10)
FNDA:13,(anonymous_11)
FNDA:2,(anonymous_12)
FNDA:4,(anonymous_13)
FNDA:12,(anonymous_14)
DA:7,1
DA:14,2
DA:15,2
DA:21,5
DA:22,5
DA:28,3
DA:29,3
DA:35,4
DA:36,4
DA:42,1
DA:43,1
DA:49,1
DA:50,1
DA:56,3
DA:57,3
DA:70,3
DA:71,3
DA:76,19
DA:83,10
DA:84,6
DA:88,5
DA:97,3
DA:98,3
DA:99,6
DA:100,6
DA:101,30
DA:105,30
DA:107,6
DA:110,3
DA:115,3
DA:120,3
DA:122,3
DA:124,3
DA:135,3
DA:151,13
DA:152,13
DA:154,13
DA:157,13
DA:158,13
DA:159,2
DA:162,11
DA:163,11
DA:164,1
DA:168,10
DA:170,3
DA:172,3
DA:174,3
DA:185,3
DA:194,2
DA:196,2
DA:207,2
DA:218,4
DA:219,4
DA:220,4
DA:221,4
DA:223,3
DA:224,3
DA:225,3
DA:234,12
DA:235,12
DA:236,3
DA:238,9
DA:239,3
DA:240,6
DA:242,4
DA:244,2
DA:254,10
DA:255,10
DA:256,1
DA:259,9
DA:260,1
DA:263,8
DA:264,1
DA:267,7
DA:268,1
DA:271,6
DA:272,10
DA:273,10
DA:275,10
DA:276,1
DA:279,9
DA:280,9
DA:282,9
DA:283,1
DA:290,8
DA:291,1
DA:310,10
DA:311,7
DA:312,7
DA:314,3
DA:324,10
DA:325,4
DA:337,2
DA:345,4
DA:349,1
LF:95
LH:95
BRDA:69,0,0,1
BRDA:70,1,0,3
BRDA:70,1,1,1
BRDA:150,2,0,1
BRDA:154,3,0,1
BRDA:154,3,1,12
BRDA:158,4,0,2
BRDA:158,4,1,11
BRDA:163,5,0,1
BRDA:163,5,1,10
BRDA:218,6,0,1
BRDA:218,6,1,3
BRDA:235,7,0,3
BRDA:235,7,1,9
BRDA:238,8,0,3
BRDA:238,8,1,6
BRDA:240,9,0,4
BRDA:240,9,1,2
BRDA:255,10,0,1
BRDA:255,10,1,9
BRDA:259,11,0,1
BRDA:259,11,1,8
BRDA:263,12,0,1
BRDA:263,12,1,7
BRDA:267,13,0,1
BRDA:267,13,1,6
BRDA:275,14,0,1
BRDA:275,14,1,9
BRDA:282,15,0,1
BRDA:282,15,1,8
BRDA:290,16,0,1
BRDA:290,16,1,7
BRDA:310,17,0,7
BRDA:310,17,1,3
BRDA:324,18,0,4
BRDA:324,18,1,6
BRF:36
BRH:36
end_of_record
