TN:
SF:index.js
FN:13,(anonymous_0)
FN:20,(anonymous_1)
FN:27,(anonymous_2)
FN:34,(anonymous_3)
FN:41,(anonymous_4)
FN:48,(anonymous_5)
FN:55,(anonymous_6)
FN:63,(anonymous_7)
FN:72,(anonymous_8)
FN:81,(anonymous_9)
FN:135,(anonymous_10)
FN:178,(anonymous_11)
FN:202,(anonymous_12)
FN:218,(anonymous_13)
FN:247,(anonymous_14)
FN:305,(anonymous_15)
FN:319,(anonymous_16)
FN:332,(anonymous_17)
FNF:18
FNH:18
FNDA:2,(anonymous_0)
FNDA:5,(anonymous_1)
FNDA:3,(anonymous_2)
FNDA:4,(anonymous_3)
FNDA:1,(anonymous_4)
FNDA:1,(anonymous_5)
FNDA:3,(anonymous_6)
FNDA:3,(anonymous_7)
FNDA:8,(anonymous_8)
FNDA:3,(anonymous_9)
FNDA:13,(anonymous_10)
FNDA:2,(anonymous_11)
FNDA:4,(anonymous_12)
FNDA:11,(anonymous_13)
FNDA:10,(anonymous_14)
FNDA:7,(anonymous_15)
FNDA:8,(anonymous_16)
FNDA:2,(anonymous_17)
DA:7,1
DA:14,2
DA:15,2
DA:21,5
DA:22,5
DA:28,3
DA:29,3
DA:35,4
DA:36,4
DA:42,1
DA:43,1
DA:49,1
DA:50,1
DA:56,3
DA:57,3
DA:62,1
DA:64,3
DA:65,3
DA:73,8
DA:82,3
DA:83,3
DA:84,6
DA:85,6
DA:86,30
DA:90,30
DA:92,6
DA:95,3
DA:100,3
DA:105,3
DA:107,3
DA:109,3
DA:120,3
DA:136,13
DA:137,13
DA:139,13
DA:142,13
DA:143,13
DA:144,2
DA:147,11
DA:148,11
DA:149,1
DA:153,10
DA:155,3
DA:157,3
DA:159,3
DA:170,3
DA:179,2
DA:181,2
DA:192,2
DA:203,4
DA:204,4
DA:205,4
DA:206,4
DA:208,3
DA:209,3
DA:210,3
DA:226,11
DA:227,11
DA:229,11
DA:230,10
DA:231,3
DA:232,1
DA:233,7
DA:235,5
DA:236,3
DA:238,2
DA:248,10
DA:250,10
DA:251,10
DA:252,1
DA:255,9
DA:256,1
DA:259,8
DA:260,1
DA:263,7
DA:264,1
DA:267,6
DA:268,10
DA:269,10
DA:271,10
DA:272,1
DA:275,9
DA:276,9
DA:278,9
DA:279,1
DA:286,8
DA:287,1
DA:306,7
DA:307,4
DA:308,4
DA:310,3
DA:320,8
DA:321,4
DA:333,2
LF:94
LH:94
BRDA:63,0,0,1
BRDA:64,1,0,3
BRDA:64,1,1,1
BRDA:135,2,0,1
BRDA:139,3,0,1
BRDA:139,3,1,12
BRDA:143,4,0,2
BRDA:143,4,1,11
BRDA:148,5,0,1
BRDA:148,5,1,10
BRDA:203,6,0,1
BRDA:203,6,1,3
BRDA:229,7,0,1
BRDA:229,7,1,10
BRDA:230,8,0,3
BRDA:230,8,1,7
BRDA:233,9,0,5
BRDA:233,9,1,2
BRDA:248,10,0,0
BRDA:248,10,1,10
BRDA:251,11,0,1
BRDA:251,11,1,9
BRDA:255,12,0,1
BRDA:255,12,1,8
BRDA:259,13,0,1
BRDA:259,13,1,7
BRDA:263,14,0,1
BRDA:263,14,1,6
BRDA:271,15,0,1
BRDA:271,15,1,9
BRDA:278,16,0,1
BRDA:278,16,1,8
BRDA:286,17,0,1
BRDA:286,17,1,7
BRDA:306,18,0,4
BRDA:306,18,1,3
BRDA:320,19,0,4
BRDA:320,19,1,4
BRF:38
BRH:37
end_of_record
